<?xml version="1.0" encoding="UTF-8"?>
<testng-results skipped="0" failed="0" total="1" passed="1">
  <reporter-output>
  </reporter-output>
  <suite name="Suite" duration-ms="37034" started-at="2020-07-26T09:25:36Z" finished-at="2020-07-26T09:26:13Z">
    <groups>
    </groups>
    <test name="Test" duration-ms="37034" started-at="2020-07-26T09:25:36Z" finished-at="2020-07-26T09:26:13Z">
      <class name="RandEmail.randomemail">
        <test-method status="PASS" signature="a()[pri:0, instance:RandEmail.randomemail@5b464ce8]" name="a" duration-ms="37014" started-at="2020-07-26T14:55:36Z" finished-at="2020-07-26T14:56:13Z">
          <reporter-output>
          </reporter-output>
        </test-method> <!-- a -->
      </class> <!-- RandEmail.randomemail -->
    </test> <!-- Test -->
  </suite> <!-- Suite -->
</testng-results>
